Build started 2012/3/14 10:01:43.
     1>Project "C:\Users\sc\Desktop\大三下文件\三维模型\PA1\ReadObj\ReadObj\ReadObj.vcxproj" on node 2 (build target(s)).
     1>InitializeBuildStatus:
         Creating "Debug\ReadObj.unsuccessfulbuild" because "AlwaysCreate" was specified.
       ClCompile:
         All outputs are up-to-date.
         d:\program\VS2010\VC\bin\CL.exe /c /Iglut32.lib /ZI /nologo /W3 /WX- /Od /Oy- /D WIN32 /D _DEBUG /D _CONSOLE /D _UNICODE /D UNICODE /Gm /EHsc /MDd /GS /fp:precise /Zc:wchar_t /Zc:forScope /Yu"StdAfx.h" /Fp"Debug\ReadObj.pch" /Fo"Debug\\" /Fd"Debug\vc100.pdb" /Gd /TP /analyze- /errorReport:prompt ReadObj.cpp
         ReadObj.cpp
       ManifestResourceCompile:
         All outputs are up-to-date.
       Link:
         d:\program\VS2010\VC\bin\link.exe /ERRORREPORT:PROMPT /OUT:"C:\Users\sc\Desktop\大三下文件\三维模型\PA1\ReadObj\Debug\ReadObj.exe" /INCREMENTAL /NOLOGO kernel32.lib user32.lib gdi32.lib winspool.lib comdlg32.lib advapi32.lib shell32.lib ole32.lib oleaut32.lib uuid.lib odbc32.lib odbccp32.lib /MANIFEST /ManifestFile:"Debug\ReadObj.exe.intermediate.manifest" /MANIFESTUAC:"level='asInvoker' uiAccess='false'" /DEBUG /PDB:"C:\Users\sc\Desktop\大三下文件\三维模型\PA1\ReadObj\Debug\ReadObj.pdb" /SUBSYSTEM:CONSOLE /TLBID:1 /DYNAMICBASE /NXCOMPAT /IMPLIB:"C:\Users\sc\Desktop\大三下文件\三维模型\PA1\ReadObj\Debug\ReadObj.lib" /MACHINE:X86 Debug\ReadObj.exe.embed.manifest.res
         Debug\ReadFile.obj
         Debug\ReadObj.obj
         Debug\Render.obj
         Debug\stdafx.obj
       Manifest:
         C:\Program Files\Microsoft SDKs\Windows\v7.0A\bin\mt.exe /nologo /verbose /out:"Debug\ReadObj.exe.embed.manifest" /manifest Debug\ReadObj.exe.intermediate.manifest
         All outputs are up-to-date.
       LinkEmbedManifest:
         All outputs are up-to-date.
         ReadObj.vcxproj -> C:\Users\sc\Desktop\大三下文件\三维模型\PA1\ReadObj\Debug\ReadObj.exe
       FinalizeBuildStatus:
         Deleting file "Debug\ReadObj.unsuccessfulbuild".
         Touching "Debug\ReadObj.lastbuildstate".
     1>Done Building Project "C:\Users\sc\Desktop\大三下文件\三维模型\PA1\ReadObj\ReadObj\ReadObj.vcxproj" (build target(s)).

Build succeeded.

Time Elapsed 00:00:01.73
