C:\DOCUMENTS AND SETTINGS\SZMT\桌面\SC\PA1\READOBJ\DEBUG\READOBJ.EXE
C:\DOCUMENTS AND SETTINGS\SZMT\桌面\SC\PA1\READOBJ\DEBUG\READOBJ.ILK
C:\DOCUMENTS AND SETTINGS\SZMT\桌面\SC\PA1\READOBJ\DEBUG\READOBJ.PDB
C:\DOCUMENTS AND SETTINGS\SZMT\桌面\SC\PA1\READOBJ\READOBJ\DEBUG\READFILE.OBJ
C:\DOCUMENTS AND SETTINGS\SZMT\桌面\SC\PA1\READOBJ\READOBJ\DEBUG\READOBJ.EXE.EMBED.MANIFEST.RES
C:\DOCUMENTS AND SETTINGS\SZMT\桌面\SC\PA1\READOBJ\READOBJ\DEBUG\READOBJ.EXE.INTERMEDIATE.MANIFEST
C:\DOCUMENTS AND SETTINGS\SZMT\桌面\SC\PA1\READOBJ\READOBJ\DEBUG\READOBJ.OBJ
C:\DOCUMENTS AND SETTINGS\SZMT\桌面\SC\PA1\READOBJ\READOBJ\DEBUG\READOBJ.PCH
C:\DOCUMENTS AND SETTINGS\SZMT\桌面\SC\PA1\READOBJ\READOBJ\DEBUG\RENDER.OBJ
C:\DOCUMENTS AND SETTINGS\SZMT\桌面\SC\PA1\READOBJ\READOBJ\DEBUG\STDAFX.OBJ
C:\DOCUMENTS AND SETTINGS\SZMT\桌面\SC\PA1\READOBJ\READOBJ\DEBUG\VC100.PDB
C:\Users\sc\Desktop\大三下文件\三维模型\PA1\ReadObj\Debug\ReadObj.exe
C:\Users\sc\Desktop\大三下文件\三维模型\PA1\ReadObj\Debug\ReadObj.ilk
C:\Users\sc\Desktop\大三下文件\三维模型\PA1\ReadObj\Debug\ReadObj.pdb
C:\Users\sc\Desktop\大三下文件\三维模型\PA1\ReadObj\ReadObj\Debug\cl.command.1.tlog
C:\Users\sc\Desktop\大三下文件\三维模型\PA1\ReadObj\ReadObj\Debug\CL.read.1.tlog
C:\Users\sc\Desktop\大三下文件\三维模型\PA1\ReadObj\ReadObj\Debug\CL.write.1.tlog
C:\Users\sc\Desktop\大三下文件\三维模型\PA1\ReadObj\ReadObj\Debug\link.3940.read.1.tlog
C:\Users\sc\Desktop\大三下文件\三维模型\PA1\ReadObj\ReadObj\Debug\link.3940.write.1.tlog
C:\Users\sc\Desktop\大三下文件\三维模型\PA1\ReadObj\ReadObj\Debug\link.3940-cvtres.read.1.tlog
C:\Users\sc\Desktop\大三下文件\三维模型\PA1\ReadObj\ReadObj\Debug\link.3940-cvtres.write.1.tlog
C:\Users\sc\Desktop\大三下文件\三维模型\PA1\ReadObj\ReadObj\Debug\link.command.1.tlog
C:\Users\sc\Desktop\大三下文件\三维模型\PA1\ReadObj\ReadObj\Debug\link.read.1.tlog
C:\Users\sc\Desktop\大三下文件\三维模型\PA1\ReadObj\ReadObj\Debug\link.write.1.tlog
C:\Users\sc\Desktop\大三下文件\三维模型\PA1\ReadObj\ReadObj\Debug\link-cvtres.read.1.tlog
C:\Users\sc\Desktop\大三下文件\三维模型\PA1\ReadObj\ReadObj\Debug\link-cvtres.write.1.tlog
C:\Users\sc\Desktop\大三下文件\三维模型\PA1\ReadObj\ReadObj\Debug\mt.command.1.tlog
C:\Users\sc\Desktop\大三下文件\三维模型\PA1\ReadObj\ReadObj\Debug\mt.read.1.tlog
C:\Users\sc\Desktop\大三下文件\三维模型\PA1\ReadObj\ReadObj\Debug\mt.write.1.tlog
C:\Users\sc\Desktop\大三下文件\三维模型\PA1\ReadObj\ReadObj\Debug\rc.command.1.tlog
C:\Users\sc\Desktop\大三下文件\三维模型\PA1\ReadObj\ReadObj\Debug\rc.read.1.tlog
C:\Users\sc\Desktop\大三下文件\三维模型\PA1\ReadObj\ReadObj\Debug\rc.write.1.tlog
C:\USERS\SC\DESKTOP\大三下文件\三维模型\PA1\READOBJ\READOBJ\DEBUG\READFILE.OBJ
C:\Users\sc\Desktop\大三下文件\三维模型\PA1\ReadObj\ReadObj\Debug\ReadObj.exe.embed.manifest
C:\Users\sc\Desktop\大三下文件\三维模型\PA1\ReadObj\ReadObj\Debug\ReadObj.exe.embed.manifest.res
C:\Users\sc\Desktop\大三下文件\三维模型\PA1\ReadObj\ReadObj\Debug\ReadObj.exe.intermediate.manifest
C:\USERS\SC\DESKTOP\大三下文件\三维模型\PA1\READOBJ\READOBJ\DEBUG\READOBJ.OBJ
C:\USERS\SC\DESKTOP\大三下文件\三维模型\PA1\READOBJ\READOBJ\DEBUG\READOBJ.PCH
C:\Users\sc\Desktop\大三下文件\三维模型\PA1\ReadObj\ReadObj\Debug\ReadObj_manifest.rc
C:\USERS\SC\DESKTOP\大三下文件\三维模型\PA1\READOBJ\READOBJ\DEBUG\STDAFX.OBJ
C:\Users\sc\Desktop\大三下文件\三维模型\PA1\ReadObj\ReadObj\Debug\vc100.idb
C:\USERS\SC\DESKTOP\大三下文件\三维模型\PA1\READOBJ\READOBJ\DEBUG\VC100.PDB
C:\Users\sc\Desktop\大三下文件\三维模型\PA1\ReadObj\ReadObj\Debug\vc90.idb
C:\Users\sc\Desktop\大三下文件\三维模型\PA1\ReadObj\ReadObj\Debug\vc90.pdb
G:\SC\PA1\READOBJ\READOBJ\DEBUG\READFILE.OBJ
G:\SC\PA1\READOBJ\READOBJ\DEBUG\READOBJ.PCH
G:\SC\PA1\READOBJ\READOBJ\DEBUG\STDAFX.OBJ
G:\SC\PA1\READOBJ\READOBJ\DEBUG\VC100.PDB
